<?xml version="1.0" encoding="UTF-8"?>
<robot generator="Robot 6.1.1 (Python 3.10.12 on linux)" generated="20241117 19:54:23.562" rpa="false" schemaversion="4">
<suite id="s1" name="Tests" source="/home/heljens/Courses/ohtu/ohtu-s24-palautukset/viikko3/web-login/src/tests">
<suite id="s1-s1" name="Home" source="/home/heljens/Courses/ohtu/ohtu-s24-palautukset/viikko3/web-login/src/tests/home.robot">
<kw name="Open And Configure Browser" library="resource" type="SETUP">
<if>
<branch type="IF" condition="$BROWSER == 'chrome'">
<kw name="Evaluate" library="BuiltIn">
<var>${options}</var>
<arg>sys.modules['selenium.webdriver'].ChromeOptions()</arg>
<arg>sys</arg>
<doc>Evaluates the given expression in Python and returns the result.</doc>
<msg timestamp="20241117 19:54:23.725" level="INFO">${options} = &lt;selenium.webdriver.chrome.options.Options object at 0x78b5780139d0&gt;</msg>
<status status="PASS" starttime="20241117 19:54:23.725" endtime="20241117 19:54:23.725"/>
</kw>
<status status="PASS" starttime="20241117 19:54:23.710" endtime="20241117 19:54:23.725"/>
</branch>
<branch type="ELSE IF" condition="$BROWSER == 'firefox'">
<kw name="Evaluate" library="BuiltIn">
<var>${options}</var>
<arg>sys.modules['selenium.webdriver'].FirefoxOptions()</arg>
<arg>sys</arg>
<doc>Evaluates the given expression in Python and returns the result.</doc>
<status status="NOT RUN" starttime="20241117 19:54:23.725" endtime="20241117 19:54:23.725"/>
</kw>
<status status="NOT RUN" starttime="20241117 19:54:23.725" endtime="20241117 19:54:23.725"/>
</branch>
<status status="PASS" starttime="20241117 19:54:23.710" endtime="20241117 19:54:23.725"/>
</if>
<if>
<branch type="IF" condition="$HEADLESS == 'true'">
<kw name="Set Selenium Speed" library="SeleniumLibrary">
<arg>0</arg>
<doc>Sets the delay that is waited after each Selenium command.</doc>
<status status="PASS" starttime="20241117 19:54:23.725" endtime="20241117 19:54:23.725"/>
</kw>
<kw name="Call Method" library="BuiltIn">
<arg>${options}</arg>
<arg>add_argument</arg>
<arg>--headless</arg>
<doc>Calls the named method of the given object with the provided arguments.</doc>
<status status="PASS" starttime="20241117 19:54:23.725" endtime="20241117 19:54:23.725"/>
</kw>
<status status="PASS" starttime="20241117 19:54:23.725" endtime="20241117 19:54:23.725"/>
</branch>
<branch type="ELSE">
<kw name="Set Selenium Speed" library="SeleniumLibrary">
<arg>${DELAY}</arg>
<doc>Sets the delay that is waited after each Selenium command.</doc>
<status status="NOT RUN" starttime="20241117 19:54:23.726" endtime="20241117 19:54:23.726"/>
</kw>
<status status="NOT RUN" starttime="20241117 19:54:23.725" endtime="20241117 19:54:23.726"/>
</branch>
<status status="PASS" starttime="20241117 19:54:23.725" endtime="20241117 19:54:23.726"/>
</if>
<kw name="Open Browser" library="SeleniumLibrary">
<arg>browser=${BROWSER}</arg>
<arg>options=${options}</arg>
<doc>Opens a new browser instance to the optional ``url``.</doc>
<msg timestamp="20241117 19:54:23.726" level="INFO">Opening browser 'chrome' to base url 'None'.</msg>
<status status="PASS" starttime="20241117 19:54:23.726" endtime="20241117 19:54:23.944"/>
</kw>
<status status="PASS" starttime="20241117 19:54:23.709" endtime="20241117 19:54:23.944"/>
</kw>
<test id="s1-s1-t1" name="Click Login Link" line="8">
<kw name="Reset Application And Go To Starting Page" type="SETUP">
<kw name="Reset Application" library="AppLibrary">
<status status="PASS" starttime="20241117 19:54:23.945" endtime="20241117 19:54:23.948"/>
</kw>
<kw name="Go To Starting Page">
<kw name="Go To" library="SeleniumLibrary">
<arg>${HOME_URL}</arg>
<doc>Navigates the current browser window to the provided ``url``.</doc>
<msg timestamp="20241117 19:54:23.949" level="INFO">Opening url 'http://localhost:5001'</msg>
<status status="PASS" starttime="20241117 19:54:23.949" endtime="20241117 19:54:24.030"/>
</kw>
<status status="PASS" starttime="20241117 19:54:23.949" endtime="20241117 19:54:24.030"/>
</kw>
<status status="PASS" starttime="20241117 19:54:23.945" endtime="20241117 19:54:24.030"/>
</kw>
<kw name="Click Link" library="SeleniumLibrary">
<arg>Login</arg>
<doc>Clicks a link identified by ``locator``.</doc>
<msg timestamp="20241117 19:54:24.035" level="INFO">Clicking link 'Login'.</msg>
<status status="PASS" starttime="20241117 19:54:24.031" endtime="20241117 19:54:24.129"/>
</kw>
<kw name="Login Page Should Be Open" library="resource">
<kw name="Title Should Be" library="SeleniumLibrary">
<arg>Login</arg>
<doc>Verifies that the current page title equals ``title``.</doc>
<msg timestamp="20241117 19:54:24.133" level="INFO">Page title is 'Login'.</msg>
<status status="PASS" starttime="20241117 19:54:24.129" endtime="20241117 19:54:24.133"/>
</kw>
<status status="PASS" starttime="20241117 19:54:24.129" endtime="20241117 19:54:24.133"/>
</kw>
<status status="PASS" starttime="20241117 19:54:23.944" endtime="20241117 19:54:24.133"/>
</test>
<test id="s1-s1-t2" name="Click Register Link" line="12">
<kw name="Reset Application And Go To Starting Page" type="SETUP">
<kw name="Reset Application" library="AppLibrary">
<status status="PASS" starttime="20241117 19:54:24.134" endtime="20241117 19:54:24.138"/>
</kw>
<kw name="Go To Starting Page">
<kw name="Go To" library="SeleniumLibrary">
<arg>${HOME_URL}</arg>
<doc>Navigates the current browser window to the provided ``url``.</doc>
<msg timestamp="20241117 19:54:24.139" level="INFO">Opening url 'http://localhost:5001'</msg>
<status status="PASS" starttime="20241117 19:54:24.138" endtime="20241117 19:54:24.161"/>
</kw>
<status status="PASS" starttime="20241117 19:54:24.138" endtime="20241117 19:54:24.161"/>
</kw>
<status status="PASS" starttime="20241117 19:54:24.134" endtime="20241117 19:54:24.161"/>
</kw>
<kw name="Click Link" library="SeleniumLibrary">
<arg>Register new user</arg>
<doc>Clicks a link identified by ``locator``.</doc>
<msg timestamp="20241117 19:54:24.162" level="INFO">Clicking link 'Register new user'.</msg>
<status status="PASS" starttime="20241117 19:54:24.161" endtime="20241117 19:54:24.226"/>
</kw>
<kw name="Register Page Should Be Open">
<kw name="Get Location" library="SeleniumLibrary">
<var>${CURRENT_URL}</var>
<doc>Returns the current browser window URL.</doc>
<msg timestamp="20241117 19:54:24.229" level="INFO">${CURRENT_URL} = http://localhost:5001/register</msg>
<status status="PASS" starttime="20241117 19:54:24.227" endtime="20241117 19:54:24.229"/>
</kw>
<kw name="Should Be Equal" library="BuiltIn">
<arg>${CURRENT_URL}</arg>
<arg>${REGISTER_URL}</arg>
<doc>Fails if the given objects are unequal.</doc>
<status status="PASS" starttime="20241117 19:54:24.230" endtime="20241117 19:54:24.230"/>
</kw>
<status status="PASS" starttime="20241117 19:54:24.226" endtime="20241117 19:54:24.230"/>
</kw>
<status status="PASS" starttime="20241117 19:54:24.133" endtime="20241117 19:54:24.230"/>
</test>
<kw name="Close Browser" library="SeleniumLibrary" type="TEARDOWN">
<doc>Closes the current browser.</doc>
<status status="PASS" starttime="20241117 19:54:24.230" endtime="20241117 19:54:24.288"/>
</kw>
<status status="PASS" starttime="20241117 19:54:23.572" endtime="20241117 19:54:24.288"/>
</suite>
<suite id="s1-s2" name="Login" source="/home/heljens/Courses/ohtu/ohtu-s24-palautukset/viikko3/web-login/src/tests/login.robot">
<kw name="Open And Configure Browser" library="resource" type="SETUP">
<if>
<branch type="IF" condition="$BROWSER == 'chrome'">
<kw name="Evaluate" library="BuiltIn">
<var>${options}</var>
<arg>sys.modules['selenium.webdriver'].ChromeOptions()</arg>
<arg>sys</arg>
<doc>Evaluates the given expression in Python and returns the result.</doc>
<msg timestamp="20241117 19:54:24.292" level="INFO">${options} = &lt;selenium.webdriver.chrome.options.Options object at 0x78b577ebd840&gt;</msg>
<status status="PASS" starttime="20241117 19:54:24.291" endtime="20241117 19:54:24.292"/>
</kw>
<status status="PASS" starttime="20241117 19:54:24.291" endtime="20241117 19:54:24.292"/>
</branch>
<branch type="ELSE IF" condition="$BROWSER == 'firefox'">
<kw name="Evaluate" library="BuiltIn">
<var>${options}</var>
<arg>sys.modules['selenium.webdriver'].FirefoxOptions()</arg>
<arg>sys</arg>
<doc>Evaluates the given expression in Python and returns the result.</doc>
<status status="NOT RUN" starttime="20241117 19:54:24.292" endtime="20241117 19:54:24.292"/>
</kw>
<status status="NOT RUN" starttime="20241117 19:54:24.292" endtime="20241117 19:54:24.292"/>
</branch>
<status status="PASS" starttime="20241117 19:54:24.291" endtime="20241117 19:54:24.292"/>
</if>
<if>
<branch type="IF" condition="$HEADLESS == 'true'">
<kw name="Set Selenium Speed" library="SeleniumLibrary">
<arg>0</arg>
<doc>Sets the delay that is waited after each Selenium command.</doc>
<status status="PASS" starttime="20241117 19:54:24.292" endtime="20241117 19:54:24.292"/>
</kw>
<kw name="Call Method" library="BuiltIn">
<arg>${options}</arg>
<arg>add_argument</arg>
<arg>--headless</arg>
<doc>Calls the named method of the given object with the provided arguments.</doc>
<status status="PASS" starttime="20241117 19:54:24.292" endtime="20241117 19:54:24.292"/>
</kw>
<status status="PASS" starttime="20241117 19:54:24.292" endtime="20241117 19:54:24.292"/>
</branch>
<branch type="ELSE">
<kw name="Set Selenium Speed" library="SeleniumLibrary">
<arg>${DELAY}</arg>
<doc>Sets the delay that is waited after each Selenium command.</doc>
<status status="NOT RUN" starttime="20241117 19:54:24.292" endtime="20241117 19:54:24.292"/>
</kw>
<status status="NOT RUN" starttime="20241117 19:54:24.292" endtime="20241117 19:54:24.292"/>
</branch>
<status status="PASS" starttime="20241117 19:54:24.292" endtime="20241117 19:54:24.292"/>
</if>
<kw name="Open Browser" library="SeleniumLibrary">
<arg>browser=${BROWSER}</arg>
<arg>options=${options}</arg>
<doc>Opens a new browser instance to the optional ``url``.</doc>
<msg timestamp="20241117 19:54:24.293" level="INFO">Opening browser 'chrome' to base url 'None'.</msg>
<status status="PASS" starttime="20241117 19:54:24.292" endtime="20241117 19:54:24.502"/>
</kw>
<status status="PASS" starttime="20241117 19:54:24.291" endtime="20241117 19:54:24.502"/>
</kw>
<test id="s1-s2-t1" name="Login With Correct Credentials" line="8">
<kw name="Reset Application Create User And Go To Login Page" type="SETUP">
<kw name="Reset Application" library="AppLibrary">
<status status="PASS" starttime="20241117 19:54:24.503" endtime="20241117 19:54:24.505"/>
</kw>
<kw name="Create User" library="AppLibrary">
<arg>kalle</arg>
<arg>kalle123</arg>
<status status="PASS" starttime="20241117 19:54:24.506" endtime="20241117 19:54:24.511"/>
</kw>
<kw name="Go To Login Page" library="resource">
<kw name="Go To" library="SeleniumLibrary">
<arg>${LOGIN_URL}</arg>
<doc>Navigates the current browser window to the provided ``url``.</doc>
<msg timestamp="20241117 19:54:24.511" level="INFO">Opening url 'http://localhost:5001/login'</msg>
<status status="PASS" starttime="20241117 19:54:24.511" endtime="20241117 19:54:24.585"/>
</kw>
<status status="PASS" starttime="20241117 19:54:24.511" endtime="20241117 19:54:24.585"/>
</kw>
<status status="PASS" starttime="20241117 19:54:24.503" endtime="20241117 19:54:24.586"/>
</kw>
<kw name="Set Username">
<arg>kalle</arg>
<kw name="Input Text" library="SeleniumLibrary">
<arg>username</arg>
<arg>${username}</arg>
<doc>Types the given ``text`` into the text field identified by ``locator``.</doc>
<msg timestamp="20241117 19:54:24.587" level="INFO">Typing text 'kalle' into text field 'username'.</msg>
<status status="PASS" starttime="20241117 19:54:24.587" endtime="20241117 19:54:24.659"/>
</kw>
<status status="PASS" starttime="20241117 19:54:24.586" endtime="20241117 19:54:24.659"/>
</kw>
<kw name="Set Password">
<arg>kalle123</arg>
<kw name="Input Password" library="SeleniumLibrary">
<arg>password</arg>
<arg>${password}</arg>
<doc>Types the given password into the text field identified by ``locator``.</doc>
<msg timestamp="20241117 19:54:24.660" level="INFO">Typing password into text field 'password'.</msg>
<msg timestamp="20241117 19:54:24.684" level="INFO">Temporally setting log level to: NONE</msg>
<msg timestamp="20241117 19:54:24.707" level="INFO">Log level changed from NONE to INFO.</msg>
<status status="PASS" starttime="20241117 19:54:24.659" endtime="20241117 19:54:24.707"/>
</kw>
<status status="PASS" starttime="20241117 19:54:24.659" endtime="20241117 19:54:24.707"/>
</kw>
<kw name="Submit Credentials">
<kw name="Click Button" library="SeleniumLibrary">
<arg>Login</arg>
<doc>Clicks the button identified by ``locator``.</doc>
<msg timestamp="20241117 19:54:24.708" level="INFO">Clicking button 'Login'.</msg>
<status status="PASS" starttime="20241117 19:54:24.708" endtime="20241117 19:54:24.767"/>
</kw>
<status status="PASS" starttime="20241117 19:54:24.707" endtime="20241117 19:54:24.767"/>
</kw>
<kw name="Login Should Succeed">
<kw name="Main Page Should Be Open" library="resource">
<kw name="Title Should Be" library="SeleniumLibrary">
<arg>Ohtu Application main page</arg>
<doc>Verifies that the current page title equals ``title``.</doc>
<msg timestamp="20241117 19:54:24.784" level="INFO">Page title is 'Ohtu Application main page'.</msg>
<status status="PASS" starttime="20241117 19:54:24.768" endtime="20241117 19:54:24.784"/>
</kw>
<status status="PASS" starttime="20241117 19:54:24.768" endtime="20241117 19:54:24.784"/>
</kw>
<status status="PASS" starttime="20241117 19:54:24.768" endtime="20241117 19:54:24.784"/>
</kw>
<status status="PASS" starttime="20241117 19:54:24.502" endtime="20241117 19:54:24.785"/>
</test>
<test id="s1-s2-t2" name="Login With Incorrect Password" line="14">
<kw name="Reset Application Create User And Go To Login Page" type="SETUP">
<kw name="Reset Application" library="AppLibrary">
<status status="PASS" starttime="20241117 19:54:24.787" endtime="20241117 19:54:24.789"/>
</kw>
<kw name="Create User" library="AppLibrary">
<arg>kalle</arg>
<arg>kalle123</arg>
<status status="PASS" starttime="20241117 19:54:24.790" endtime="20241117 19:54:24.793"/>
</kw>
<kw name="Go To Login Page" library="resource">
<kw name="Go To" library="SeleniumLibrary">
<arg>${LOGIN_URL}</arg>
<doc>Navigates the current browser window to the provided ``url``.</doc>
<msg timestamp="20241117 19:54:24.793" level="INFO">Opening url 'http://localhost:5001/login'</msg>
<status status="PASS" starttime="20241117 19:54:24.793" endtime="20241117 19:54:24.813"/>
</kw>
<status status="PASS" starttime="20241117 19:54:24.793" endtime="20241117 19:54:24.813"/>
</kw>
<status status="PASS" starttime="20241117 19:54:24.786" endtime="20241117 19:54:24.813"/>
</kw>
<kw name="Set Username">
<arg>kalle</arg>
<kw name="Input Text" library="SeleniumLibrary">
<arg>username</arg>
<arg>${username}</arg>
<doc>Types the given ``text`` into the text field identified by ``locator``.</doc>
<msg timestamp="20241117 19:54:24.814" level="INFO">Typing text 'kalle' into text field 'username'.</msg>
<status status="PASS" starttime="20241117 19:54:24.814" endtime="20241117 19:54:24.863"/>
</kw>
<status status="PASS" starttime="20241117 19:54:24.814" endtime="20241117 19:54:24.863"/>
</kw>
<kw name="Set Password">
<arg>kalle456</arg>
<kw name="Input Password" library="SeleniumLibrary">
<arg>password</arg>
<arg>${password}</arg>
<doc>Types the given password into the text field identified by ``locator``.</doc>
<msg timestamp="20241117 19:54:24.864" level="INFO">Typing password into text field 'password'.</msg>
<msg timestamp="20241117 19:54:24.887" level="INFO">Temporally setting log level to: NONE</msg>
<msg timestamp="20241117 19:54:24.910" level="INFO">Log level changed from NONE to INFO.</msg>
<status status="PASS" starttime="20241117 19:54:24.863" endtime="20241117 19:54:24.911"/>
</kw>
<status status="PASS" starttime="20241117 19:54:24.863" endtime="20241117 19:54:24.911"/>
</kw>
<kw name="Submit Credentials">
<kw name="Click Button" library="SeleniumLibrary">
<arg>Login</arg>
<doc>Clicks the button identified by ``locator``.</doc>
<msg timestamp="20241117 19:54:24.911" level="INFO">Clicking button 'Login'.</msg>
<status status="PASS" starttime="20241117 19:54:24.911" endtime="20241117 19:54:24.979"/>
</kw>
<status status="PASS" starttime="20241117 19:54:24.911" endtime="20241117 19:54:24.980"/>
</kw>
<kw name="Login Should Fail With Message">
<arg>Invalid username or password</arg>
<kw name="Login Page Should Be Open" library="resource">
<kw name="Title Should Be" library="SeleniumLibrary">
<arg>Login</arg>
<doc>Verifies that the current page title equals ``title``.</doc>
<msg timestamp="20241117 19:54:24.983" level="INFO">Page title is 'Login'.</msg>
<status status="PASS" starttime="20241117 19:54:24.981" endtime="20241117 19:54:24.983"/>
</kw>
<status status="PASS" starttime="20241117 19:54:24.980" endtime="20241117 19:54:24.983"/>
</kw>
<kw name="Page Should Contain" library="SeleniumLibrary">
<arg>${message}</arg>
<doc>Verifies that current page contains ``text``.</doc>
<msg timestamp="20241117 19:54:24.994" level="INFO">Current page contains text 'Invalid username or password'.</msg>
<status status="PASS" starttime="20241117 19:54:24.983" endtime="20241117 19:54:24.994"/>
</kw>
<status status="PASS" starttime="20241117 19:54:24.980" endtime="20241117 19:54:24.994"/>
</kw>
<status status="PASS" starttime="20241117 19:54:24.785" endtime="20241117 19:54:24.994"/>
</test>
<test id="s1-s2-t3" name="Login With Nonexistent Username" line="20">
<kw name="Reset Application Create User And Go To Login Page" type="SETUP">
<kw name="Reset Application" library="AppLibrary">
<status status="PASS" starttime="20241117 19:54:24.995" endtime="20241117 19:54:24.998"/>
</kw>
<kw name="Create User" library="AppLibrary">
<arg>kalle</arg>
<arg>kalle123</arg>
<status status="PASS" starttime="20241117 19:54:24.998" endtime="20241117 19:54:25.004"/>
</kw>
<kw name="Go To Login Page" library="resource">
<kw name="Go To" library="SeleniumLibrary">
<arg>${LOGIN_URL}</arg>
<doc>Navigates the current browser window to the provided ``url``.</doc>
<msg timestamp="20241117 19:54:25.004" level="INFO">Opening url 'http://localhost:5001/login'</msg>
<status status="PASS" starttime="20241117 19:54:25.004" endtime="20241117 19:54:25.021"/>
</kw>
<status status="PASS" starttime="20241117 19:54:25.004" endtime="20241117 19:54:25.021"/>
</kw>
<status status="PASS" starttime="20241117 19:54:24.995" endtime="20241117 19:54:25.021"/>
</kw>
<kw name="Set Username">
<arg>kalle2</arg>
<kw name="Input Text" library="SeleniumLibrary">
<arg>username</arg>
<arg>${username}</arg>
<doc>Types the given ``text`` into the text field identified by ``locator``.</doc>
<msg timestamp="20241117 19:54:25.022" level="INFO">Typing text 'kalle2' into text field 'username'.</msg>
<status status="PASS" starttime="20241117 19:54:25.022" endtime="20241117 19:54:25.069"/>
</kw>
<status status="PASS" starttime="20241117 19:54:25.022" endtime="20241117 19:54:25.069"/>
</kw>
<kw name="Set Password">
<arg>kalle321</arg>
<kw name="Input Password" library="SeleniumLibrary">
<arg>password</arg>
<arg>${password}</arg>
<doc>Types the given password into the text field identified by ``locator``.</doc>
<msg timestamp="20241117 19:54:25.070" level="INFO">Typing password into text field 'password'.</msg>
<msg timestamp="20241117 19:54:25.092" level="INFO">Temporally setting log level to: NONE</msg>
<msg timestamp="20241117 19:54:25.114" level="INFO">Log level changed from NONE to INFO.</msg>
<status status="PASS" starttime="20241117 19:54:25.069" endtime="20241117 19:54:25.114"/>
</kw>
<status status="PASS" starttime="20241117 19:54:25.069" endtime="20241117 19:54:25.114"/>
</kw>
<kw name="Submit Credentials">
<kw name="Click Button" library="SeleniumLibrary">
<arg>Login</arg>
<doc>Clicks the button identified by ``locator``.</doc>
<msg timestamp="20241117 19:54:25.114" level="INFO">Clicking button 'Login'.</msg>
<status status="PASS" starttime="20241117 19:54:25.114" endtime="20241117 19:54:25.162"/>
</kw>
<status status="PASS" starttime="20241117 19:54:25.114" endtime="20241117 19:54:25.162"/>
</kw>
<kw name="Login Should Fail With Message">
<arg>Invalid username or password</arg>
<kw name="Login Page Should Be Open" library="resource">
<kw name="Title Should Be" library="SeleniumLibrary">
<arg>Login</arg>
<doc>Verifies that the current page title equals ``title``.</doc>
<msg timestamp="20241117 19:54:25.171" level="INFO">Page title is 'Login'.</msg>
<status status="PASS" starttime="20241117 19:54:25.163" endtime="20241117 19:54:25.171"/>
</kw>
<status status="PASS" starttime="20241117 19:54:25.163" endtime="20241117 19:54:25.171"/>
</kw>
<kw name="Page Should Contain" library="SeleniumLibrary">
<arg>${message}</arg>
<doc>Verifies that current page contains ``text``.</doc>
<msg timestamp="20241117 19:54:25.177" level="INFO">Current page contains text 'Invalid username or password'.</msg>
<status status="PASS" starttime="20241117 19:54:25.172" endtime="20241117 19:54:25.177"/>
</kw>
<status status="PASS" starttime="20241117 19:54:25.163" endtime="20241117 19:54:25.178"/>
</kw>
<status status="PASS" starttime="20241117 19:54:24.995" endtime="20241117 19:54:25.178"/>
</test>
<kw name="Close Browser" library="SeleniumLibrary" type="TEARDOWN">
<doc>Closes the current browser.</doc>
<status status="PASS" starttime="20241117 19:54:25.178" endtime="20241117 19:54:25.238"/>
</kw>
<status status="PASS" starttime="20241117 19:54:24.289" endtime="20241117 19:54:25.238"/>
</suite>
<status status="PASS" starttime="20241117 19:54:23.562" endtime="20241117 19:54:25.239"/>
</suite>
<statistics>
<total>
<stat pass="5" fail="0" skip="0">All Tests</stat>
</total>
<tag>
</tag>
<suite>
<stat pass="5" fail="0" skip="0" id="s1" name="Tests">Tests</stat>
<stat pass="2" fail="0" skip="0" id="s1-s1" name="Home">Tests.Home</stat>
<stat pass="3" fail="0" skip="0" id="s1-s2" name="Login">Tests.Login</stat>
</suite>
</statistics>
<errors>
</errors>
</robot>
